2025-04-29 05:10:48,296 - fix_signals - INFO - ファイル読み込み: data\processed\btcusd_5m_features.csv
2025-04-29 05:10:48,335 - fix_signals - INFO - 読み込み成功: 行数=2706, 列数=115
2025-04-29 05:10:48,335 - fix_signals - INFO - 最初の10列: ['timestamp', 'close', 'volume', 'turnover', 'candle_size', 'body_size', 'upper_shadow', 'lower_shadow', 'price_change_pct_1', 'price_change_pct_2']
2025-04-29 05:10:48,335 - fix_signals - INFO - ターゲット変数: ['target_price_change_pct_1', 'target_price_change_pct_2', 'target_price_change_pct_3', 'target_price_direction_1', 'target_price_direction_2', 'target_price_direction_3', 'target_threshold_binary_1', 'target_threshold_binary_2', 'target_threshold_binary_3', 'target_threshold_ternary_1', 'target_threshold_ternary_2', 'target_threshold_ternary_3', 'target_high_threshold_1p_long_1', 'target_high_threshold_1p_short_1', 'target_high_threshold_2p_long_1', 'target_high_threshold_2p_short_1', 'target_high_threshold_3p_long_1', 'target_high_threshold_3p_short_1', 'target_high_threshold_5p_long_1', 'target_high_threshold_5p_short_1', 'target_high_threshold_1p_long_2', 'target_high_threshold_1p_short_2', 'target_high_threshold_2p_long_2', 'target_high_threshold_2p_short_2', 'target_high_threshold_3p_long_2', 'target_high_threshold_3p_short_2', 'target_high_threshold_5p_long_2', 'target_high_threshold_5p_short_2', 'target_high_threshold_1p_long_3', 'target_high_threshold_1p_short_3', 'target_high_threshold_2p_long_3', 'target_high_threshold_2p_short_3', 'target_high_threshold_3p_long_3', 'target_high_threshold_3p_short_3', 'target_high_threshold_5p_long_3', 'target_high_threshold_5p_short_3', 'target_high_threshold_1p_long_1.1', 'target_high_threshold_1p_short_1.1', 'target_high_threshold_2p_long_1.1', 'target_high_threshold_2p_short_1.1', 'target_high_threshold_3p_long_1.1', 'target_high_threshold_3p_short_1.1', 'target_high_threshold_5p_long_1.1', 'target_high_threshold_5p_short_1.1', 'target_high_threshold_1p_long_2.1', 'target_high_threshold_1p_short_2.1', 'target_high_threshold_2p_long_2.1', 'target_high_threshold_2p_short_2.1', 'target_high_threshold_3p_long_2.1', 'target_high_threshold_3p_short_2.1', 'target_high_threshold_5p_long_2.1', 'target_high_threshold_5p_short_2.1', 'target_high_threshold_1p_long_3.1', 'target_high_threshold_1p_short_3.1', 'target_high_threshold_2p_long_3.1', 'target_high_threshold_2p_short_3.1', 'target_high_threshold_3p_long_3.1', 'target_high_threshold_3p_short_3.1', 'target_high_threshold_5p_long_3.1', 'target_high_threshold_5p_short_3.1']
2025-04-29 05:10:48,336 - fix_signals - INFO - 価格変動率列: ['price_change_pct_1', 'price_change_pct_2', 'price_change_pct_3', 'price_change_pct_4', 'price_change_pct_6', 'price_change_pct_10', 'price_change_to_atr', 'target_price_change_pct_1', 'target_price_change_pct_2', 'target_price_change_pct_3']
2025-04-29 05:10:48,336 - fix_signals - INFO - 期間1の有効なターゲット列: target_price_change_pct_1
2025-04-29 05:10:48,336 - fix_signals - INFO - 期間2の有効なターゲット列: target_price_change_pct_2
2025-04-29 05:10:48,336 - fix_signals - INFO - 期間3の有効なターゲット列: target_price_change_pct_3
2025-04-29 05:10:48,336 - fix_signals - INFO - 高閾値シグナル変数を生成します
2025-04-29 05:10:48,336 - fix_signals - INFO - 期間1の変数を生成中 (target_price_change_pct_1を使用)
2025-04-29 05:10:48,337 - fix_signals - INFO - 期間2の変数を生成中 (target_price_change_pct_2を使用)
2025-04-29 05:10:48,337 - fix_signals - INFO - 期間3の変数を生成中 (target_price_change_pct_3を使用)
2025-04-29 05:10:48,338 - fix_signals - INFO - 合計24個の高閾値シグナル変数を追加しました
2025-04-29 05:10:48,338 - fix_signals - INFO - 生成された高閾値シグナル変数: ['target_high_threshold_1p_long_1', 'target_high_threshold_1p_short_1', 'target_high_threshold_2p_long_1', 'target_high_threshold_2p_short_1', 'target_high_threshold_3p_long_1', 'target_high_threshold_3p_short_1', 'target_high_threshold_5p_long_1', 'target_high_threshold_5p_short_1', 'target_high_threshold_1p_long_2', 'target_high_threshold_1p_short_2', 'target_high_threshold_2p_long_2', 'target_high_threshold_2p_short_2', 'target_high_threshold_3p_long_2', 'target_high_threshold_3p_short_2', 'target_high_threshold_5p_long_2', 'target_high_threshold_5p_short_2', 'target_high_threshold_1p_long_3', 'target_high_threshold_1p_short_3', 'target_high_threshold_2p_long_3', 'target_high_threshold_2p_short_3', 'target_high_threshold_3p_long_3', 'target_high_threshold_3p_short_3', 'target_high_threshold_5p_long_3', 'target_high_threshold_5p_short_3', 'target_high_threshold_1p_long_1.1', 'target_high_threshold_1p_short_1.1', 'target_high_threshold_2p_long_1.1', 'target_high_threshold_2p_short_1.1', 'target_high_threshold_3p_long_1.1', 'target_high_threshold_3p_short_1.1', 'target_high_threshold_5p_long_1.1', 'target_high_threshold_5p_short_1.1', 'target_high_threshold_1p_long_2.1', 'target_high_threshold_1p_short_2.1', 'target_high_threshold_2p_long_2.1', 'target_high_threshold_2p_short_2.1', 'target_high_threshold_3p_long_2.1', 'target_high_threshold_3p_short_2.1', 'target_high_threshold_5p_long_2.1', 'target_high_threshold_5p_short_2.1', 'target_high_threshold_1p_long_3.1', 'target_high_threshold_1p_short_3.1', 'target_high_threshold_2p_long_3.1', 'target_high_threshold_2p_short_3.1', 'target_high_threshold_3p_long_3.1', 'target_high_threshold_3p_short_3.1', 'target_high_threshold_5p_long_3.1', 'target_high_threshold_5p_short_3.1']
2025-04-29 05:10:48,338 - fix_signals - INFO - target_high_threshold_1p_long_1: シグナル数=1238個 (45.75%)
2025-04-29 05:10:48,338 - fix_signals - INFO - target_high_threshold_1p_short_1: シグナル数=1222個 (45.16%)
2025-04-29 05:10:48,339 - fix_signals - INFO - target_high_threshold_2p_long_1: シグナル数=1067個 (39.43%)
2025-04-29 05:10:48,339 - fix_signals - INFO - target_high_threshold_2p_short_1: シグナル数=1085個 (40.10%)
2025-04-29 05:10:48,339 - fix_signals - INFO - target_high_threshold_3p_long_1: シグナル数=947個 (35.00%)
2025-04-29 05:10:48,339 - fix_signals - INFO - target_high_threshold_3p_short_1: シグナル数=907個 (33.52%)
2025-04-29 05:10:48,339 - fix_signals - INFO - target_high_threshold_5p_long_1: シグナル数=685個 (25.31%)
2025-04-29 05:10:48,339 - fix_signals - INFO - target_high_threshold_5p_short_1: シグナル数=652個 (24.09%)
2025-04-29 05:10:48,339 - fix_signals - INFO - target_high_threshold_1p_long_2: シグナル数=1246個 (46.05%)
2025-04-29 05:10:48,339 - fix_signals - INFO - target_high_threshold_1p_short_2: シグナル数=1215個 (44.90%)
2025-04-29 05:10:48,340 - fix_signals - INFO - target_high_threshold_2p_long_2: シグナル数=1115個 (41.20%)
2025-04-29 05:10:48,340 - fix_signals - INFO - target_high_threshold_2p_short_2: シグナル数=1073個 (39.65%)
2025-04-29 05:10:48,340 - fix_signals - INFO - target_high_threshold_3p_long_2: シグナル数=969個 (35.81%)
2025-04-29 05:10:48,340 - fix_signals - INFO - target_high_threshold_3p_short_2: シグナル数=939個 (34.70%)
2025-04-29 05:10:48,340 - fix_signals - INFO - target_high_threshold_5p_long_2: シグナル数=701個 (25.91%)
2025-04-29 05:10:48,340 - fix_signals - INFO - target_high_threshold_5p_short_2: シグナル数=687個 (25.39%)
2025-04-29 05:10:48,340 - fix_signals - INFO - target_high_threshold_1p_long_3: シグナル数=1249個 (46.16%)
2025-04-29 05:10:48,340 - fix_signals - INFO - target_high_threshold_1p_short_3: シグナル数=1215個 (44.90%)
2025-04-29 05:10:48,341 - fix_signals - INFO - target_high_threshold_2p_long_3: シグナル数=1117個 (41.28%)
2025-04-29 05:10:48,341 - fix_signals - INFO - target_high_threshold_2p_short_3: シグナル数=1081個 (39.95%)
2025-04-29 05:10:48,341 - fix_signals - INFO - target_high_threshold_3p_long_3: シグナル数=998個 (36.88%)
2025-04-29 05:10:48,341 - fix_signals - INFO - target_high_threshold_3p_short_3: シグナル数=959個 (35.44%)
2025-04-29 05:10:48,341 - fix_signals - INFO - target_high_threshold_5p_long_3: シグナル数=743個 (27.46%)
2025-04-29 05:10:48,341 - fix_signals - INFO - target_high_threshold_5p_short_3: シグナル数=718個 (26.53%)
2025-04-29 05:10:48,341 - fix_signals - INFO - target_high_threshold_1p_long_1.1: シグナル数=1238個 (45.75%)
2025-04-29 05:10:48,341 - fix_signals - INFO - target_high_threshold_1p_short_1.1: シグナル数=1222個 (45.16%)
2025-04-29 05:10:48,342 - fix_signals - INFO - target_high_threshold_2p_long_1.1: シグナル数=1067個 (39.43%)
2025-04-29 05:10:48,342 - fix_signals - INFO - target_high_threshold_2p_short_1.1: シグナル数=1085個 (40.10%)
2025-04-29 05:10:48,342 - fix_signals - INFO - target_high_threshold_3p_long_1.1: シグナル数=947個 (35.00%)
2025-04-29 05:10:48,342 - fix_signals - INFO - target_high_threshold_3p_short_1.1: シグナル数=907個 (33.52%)
2025-04-29 05:10:48,342 - fix_signals - INFO - target_high_threshold_5p_long_1.1: シグナル数=685個 (25.31%)
2025-04-29 05:10:48,342 - fix_signals - INFO - target_high_threshold_5p_short_1.1: シグナル数=652個 (24.09%)
2025-04-29 05:10:48,342 - fix_signals - INFO - target_high_threshold_1p_long_2.1: シグナル数=1246個 (46.05%)
2025-04-29 05:10:48,342 - fix_signals - INFO - target_high_threshold_1p_short_2.1: シグナル数=1215個 (44.90%)
2025-04-29 05:10:48,342 - fix_signals - INFO - target_high_threshold_2p_long_2.1: シグナル数=1115個 (41.20%)
2025-04-29 05:10:48,343 - fix_signals - INFO - target_high_threshold_2p_short_2.1: シグナル数=1073個 (39.65%)
2025-04-29 05:10:48,343 - fix_signals - INFO - target_high_threshold_3p_long_2.1: シグナル数=969個 (35.81%)
2025-04-29 05:10:48,343 - fix_signals - INFO - target_high_threshold_3p_short_2.1: シグナル数=939個 (34.70%)
2025-04-29 05:10:48,343 - fix_signals - INFO - target_high_threshold_5p_long_2.1: シグナル数=701個 (25.91%)
2025-04-29 05:10:48,344 - fix_signals - INFO - target_high_threshold_5p_short_2.1: シグナル数=687個 (25.39%)
2025-04-29 05:10:48,344 - fix_signals - INFO - target_high_threshold_1p_long_3.1: シグナル数=1249個 (46.16%)
2025-04-29 05:10:48,344 - fix_signals - INFO - target_high_threshold_1p_short_3.1: シグナル数=1215個 (44.90%)
2025-04-29 05:10:48,344 - fix_signals - INFO - target_high_threshold_2p_long_3.1: シグナル数=1117個 (41.28%)
2025-04-29 05:10:48,344 - fix_signals - INFO - target_high_threshold_2p_short_3.1: シグナル数=1081個 (39.95%)
2025-04-29 05:10:48,344 - fix_signals - INFO - target_high_threshold_3p_long_3.1: シグナル数=998個 (36.88%)
2025-04-29 05:10:48,344 - fix_signals - INFO - target_high_threshold_3p_short_3.1: シグナル数=959個 (35.44%)
2025-04-29 05:10:48,344 - fix_signals - INFO - target_high_threshold_5p_long_3.1: シグナル数=743個 (27.46%)
2025-04-29 05:10:48,345 - fix_signals - INFO - target_high_threshold_5p_short_3.1: シグナル数=718個 (26.53%)
2025-04-29 05:10:48,468 - fix_signals - INFO - 更新されたファイルを保存しました: data\processed\btcusd_5m_features.csv
2025-04-29 05:21:48,317 - fix_signals - INFO - ファイル読み込み: data\processed\btcusd_5m_features.csv
2025-04-29 05:21:48,352 - fix_signals - INFO - 読み込み成功: 行数=2706, 列数=67
2025-04-29 05:21:48,352 - fix_signals - INFO - 最初の10列: ['timestamp', 'close', 'volume', 'turnover', 'candle_size', 'body_size', 'upper_shadow', 'lower_shadow', 'price_change_pct_1', 'price_change_pct_2']
2025-04-29 05:21:48,352 - fix_signals - INFO - ターゲット変数: ['target_price_change_pct_1', 'target_price_change_pct_2', 'target_price_change_pct_3', 'target_price_direction_1', 'target_price_direction_2', 'target_price_direction_3', 'target_threshold_binary_1', 'target_threshold_binary_2', 'target_threshold_binary_3', 'target_threshold_ternary_1', 'target_threshold_ternary_2', 'target_threshold_ternary_3']
2025-04-29 05:21:48,352 - fix_signals - INFO - 価格変動率列: ['price_change_pct_1', 'price_change_pct_2', 'price_change_pct_3', 'price_change_pct_4', 'price_change_pct_6', 'price_change_pct_10', 'price_change_to_atr', 'target_price_change_pct_1', 'target_price_change_pct_2', 'target_price_change_pct_3']
2025-04-29 05:21:48,353 - fix_signals - INFO - 期間1の有効なターゲット列: target_price_change_pct_1
2025-04-29 05:21:48,353 - fix_signals - INFO - 期間2の有効なターゲット列: target_price_change_pct_2
2025-04-29 05:21:48,353 - fix_signals - INFO - 期間3の有効なターゲット列: target_price_change_pct_3
2025-04-29 05:21:48,353 - fix_signals - INFO - 高閾値シグナル変数を生成します
2025-04-29 05:21:48,353 - fix_signals - INFO - 期間1の変数を生成中 (target_price_change_pct_1を使用)
2025-04-29 05:21:48,354 - fix_signals - INFO - 期間2の変数を生成中 (target_price_change_pct_2を使用)
2025-04-29 05:21:48,355 - fix_signals - INFO - 期間3の変数を生成中 (target_price_change_pct_3を使用)
2025-04-29 05:21:48,356 - fix_signals - INFO - 合計24個の高閾値シグナル変数を追加しました
2025-04-29 05:21:48,356 - fix_signals - INFO - 生成された高閾値シグナル変数: ['target_high_threshold_1p_long_1', 'target_high_threshold_1p_short_1', 'target_high_threshold_2p_long_1', 'target_high_threshold_2p_short_1', 'target_high_threshold_3p_long_1', 'target_high_threshold_3p_short_1', 'target_high_threshold_5p_long_1', 'target_high_threshold_5p_short_1', 'target_high_threshold_1p_long_2', 'target_high_threshold_1p_short_2', 'target_high_threshold_2p_long_2', 'target_high_threshold_2p_short_2', 'target_high_threshold_3p_long_2', 'target_high_threshold_3p_short_2', 'target_high_threshold_5p_long_2', 'target_high_threshold_5p_short_2', 'target_high_threshold_1p_long_3', 'target_high_threshold_1p_short_3', 'target_high_threshold_2p_long_3', 'target_high_threshold_2p_short_3', 'target_high_threshold_3p_long_3', 'target_high_threshold_3p_short_3', 'target_high_threshold_5p_long_3', 'target_high_threshold_5p_short_3']
2025-04-29 05:21:48,356 - fix_signals - INFO - target_high_threshold_1p_long_1: シグナル数=1238個 (45.75%)
2025-04-29 05:21:48,356 - fix_signals - INFO - target_high_threshold_1p_short_1: シグナル数=1222個 (45.16%)
2025-04-29 05:21:48,356 - fix_signals - INFO - target_high_threshold_2p_long_1: シグナル数=1067個 (39.43%)
2025-04-29 05:21:48,356 - fix_signals - INFO - target_high_threshold_2p_short_1: シグナル数=1085個 (40.10%)
2025-04-29 05:21:48,357 - fix_signals - INFO - target_high_threshold_3p_long_1: シグナル数=947個 (35.00%)
2025-04-29 05:21:48,357 - fix_signals - INFO - target_high_threshold_3p_short_1: シグナル数=907個 (33.52%)
2025-04-29 05:21:48,357 - fix_signals - INFO - target_high_threshold_5p_long_1: シグナル数=685個 (25.31%)
2025-04-29 05:21:48,357 - fix_signals - INFO - target_high_threshold_5p_short_1: シグナル数=652個 (24.09%)
2025-04-29 05:21:48,357 - fix_signals - INFO - target_high_threshold_1p_long_2: シグナル数=1246個 (46.05%)
2025-04-29 05:21:48,357 - fix_signals - INFO - target_high_threshold_1p_short_2: シグナル数=1215個 (44.90%)
2025-04-29 05:21:48,357 - fix_signals - INFO - target_high_threshold_2p_long_2: シグナル数=1115個 (41.20%)
2025-04-29 05:21:48,358 - fix_signals - INFO - target_high_threshold_2p_short_2: シグナル数=1073個 (39.65%)
2025-04-29 05:21:48,358 - fix_signals - INFO - target_high_threshold_3p_long_2: シグナル数=969個 (35.81%)
2025-04-29 05:21:48,358 - fix_signals - INFO - target_high_threshold_3p_short_2: シグナル数=939個 (34.70%)
2025-04-29 05:21:48,358 - fix_signals - INFO - target_high_threshold_5p_long_2: シグナル数=701個 (25.91%)
2025-04-29 05:21:48,358 - fix_signals - INFO - target_high_threshold_5p_short_2: シグナル数=687個 (25.39%)
2025-04-29 05:21:48,358 - fix_signals - INFO - target_high_threshold_1p_long_3: シグナル数=1249個 (46.16%)
2025-04-29 05:21:48,358 - fix_signals - INFO - target_high_threshold_1p_short_3: シグナル数=1215個 (44.90%)
2025-04-29 05:21:48,358 - fix_signals - INFO - target_high_threshold_2p_long_3: シグナル数=1117個 (41.28%)
2025-04-29 05:21:48,359 - fix_signals - INFO - target_high_threshold_2p_short_3: シグナル数=1081個 (39.95%)
2025-04-29 05:21:48,359 - fix_signals - INFO - target_high_threshold_3p_long_3: シグナル数=998個 (36.88%)
2025-04-29 05:21:48,359 - fix_signals - INFO - target_high_threshold_3p_short_3: シグナル数=959個 (35.44%)
2025-04-29 05:21:48,359 - fix_signals - INFO - target_high_threshold_5p_long_3: シグナル数=743個 (27.46%)
2025-04-29 05:21:48,359 - fix_signals - INFO - target_high_threshold_5p_short_3: シグナル数=718個 (26.53%)
2025-04-29 05:21:48,476 - fix_signals - INFO - 更新されたファイルを保存しました: data\processed\btcusd_5m_features.csv
